build/outputs/logs/manifest-merger-debug-report.txt
-- Merging decision tree log ---
manifest
ADDED from Documents\ImageLoaderTest\AndroidManifest.xml:2:1-32:12
	package
		ADDED from Documents\ImageLoaderTest\AndroidManifest.xml:3:5-42
	android:versionName
		ADDED from Documents\ImageLoaderTest\AndroidManifest.xml:5:5-30
		INJECTED from Documents\ImageLoaderTest\AndroidManifest.xml
		INJECTED from Documents\ImageLoaderTest\AndroidManifest.xml
	android:versionCode
		ADDED from Documents\ImageLoaderTest\AndroidManifest.xml:4:5-28
		INJECTED from Documents\ImageLoaderTest\AndroidManifest.xml
		INJECTED from Documents\ImageLoaderTest\AndroidManifest.xml
	xmlns:android
		ADDED from Documents\ImageLoaderTest\AndroidManifest.xml:2:11-69
uses-sdk
ADDED from Documents\ImageLoaderTest\AndroidManifest.xml:7:5-9:41
	android:targetSdkVersion
		ADDED from Documents\ImageLoaderTest\AndroidManifest.xml:9:9-38
	android:minSdkVersion
		ADDED from Documents\ImageLoaderTest\AndroidManifest.xml:8:9-35
uses-permission#android.permission.INTERNET
ADDED from Documents\ImageLoaderTest\AndroidManifest.xml:11:5-67
	android:name
		ADDED from Documents\ImageLoaderTest\AndroidManifest.xml:11:22-64
uses-permission#android.permission.WRITE_EXTERNAL_STORAGE
ADDED from Documents\ImageLoaderTest\AndroidManifest.xml:13:5-81
	android:name
		ADDED from Documents\ImageLoaderTest\AndroidManifest.xml:13:22-78
application
ADDED from Documents\ImageLoaderTest\AndroidManifest.xml:15:5-30:19
	android:label
		ADDED from Documents\ImageLoaderTest\AndroidManifest.xml:18:9-41
	android:allowBackup
		ADDED from Documents\ImageLoaderTest\AndroidManifest.xml:16:9-35
	android:icon
		ADDED from Documents\ImageLoaderTest\AndroidManifest.xml:17:9-45
	android:theme
		ADDED from Documents\ImageLoaderTest\AndroidManifest.xml:19:9-40
activity#com.example.imageloadertest.MainActivity
ADDED from Documents\ImageLoaderTest\AndroidManifest.xml:20:9-28:20
	android:label
		ADDED from Documents\ImageLoaderTest\AndroidManifest.xml:22:13-45
	android:name
		ADDED from Documents\ImageLoaderTest\AndroidManifest.xml:21:13-41
intent-filter#android.intent.action.MAIN+android.intent.category.LAUNCHER
ADDED from Documents\ImageLoaderTest\AndroidManifest.xml:23:13-27:29
action#android.intent.action.MAIN
ADDED from Documents\ImageLoaderTest\AndroidManifest.xml:24:17-69
	android:name
		ADDED from Documents\ImageLoaderTest\AndroidManifest.xml:24:25-66
category#android.intent.category.LAUNCHER
ADDED from Documents\ImageLoaderTest\AndroidManifest.xml:26:17-77
	android:name
		ADDED from Documents\ImageLoaderTest\AndroidManifest.xml:26:27-74
activity#com.example.imageloadertest.PhotoList
ADDED from Documents\ImageLoaderTest\AndroidManifest.xml:29:9-83
	android:name
		ADDED from Documents\ImageLoaderTest\AndroidManifest.xml:29:19-71